2019-11-19 16:45 -    INFO - Charging User 1
2019-11-19 16:45 -    INFO - 신규 카드 등록, 번호:4111111111111111, 이름:User, 한도:$4000
2019-11-19 16:45 -    INFO - Charging User $1000
2019-11-19 16:45 -    INFO - 신규 카드 등록, 번호:4111111111111111, 이름:User, 한도:9000
2019-11-19 16:45 -    INFO - User에게 9000를 보장함.
2019-11-19 16:45 -    INFO - User에게 $1000를 보장함.
2019-11-19 16:45 -    INFO - 신규 카드 등록, 번호:1234567890123456, 이름:User, 한도:$4000
2019-11-19 16:45 - WARNING - 유효하지 않은 카드번호: 1234567890123456
2019-11-19 16:45 -    INFO - 신규 카드 등록, 번호:1234567890123456, 이름:User, 한도:9000
2019-11-19 16:45 - WARNING - 유효하지 않은 카드번호: 1234567890123456
2019-11-19 16:45 -    INFO - Charging User 1
2019-11-19 16:45 -    INFO - 신규 카드 등록, 번호:1234567890123456, 이름:User, 한도:9000
2019-11-19 16:45 - WARNING - 유효하지 않은 카드번호: 1234567890123456
2019-11-19 16:45 -    INFO - User에게 1를 보장함.
2019-11-19 16:45 -   ERROR - 계좌가 존재하지 않습니다.
2019-11-19 16:48 -    INFO - start
2019-11-19 16:48 -    INFO - 2
2019-11-19 16:50 -    INFO - start
2019-11-19 16:50 -    INFO - 2
2019-11-19 16:53 -    INFO - start
2019-11-19 16:54 -    INFO - start
2019-11-19 16:54 -    INFO - 2
2019-11-19 16:54 -    INFO - start
2019-11-19 16:54 -    INFO - 2
2019-11-19 16:55 -    INFO - start
2019-11-19 16:55 -    INFO - 2
2019-11-19 16:56 -    INFO - start
2019-11-19 16:56 -    INFO - 2
2019-11-19 16:57 -    INFO - start
2019-11-19 16:57 -    INFO - 2
2019-11-19 16:57 -    INFO - start
2019-11-19 16:57 -    INFO - 2
2019-11-20 08:56 -    INFO - start
2019-11-20 08:56 -    INFO - 2
2019-11-20 08:57 -    INFO - start
2019-11-20 08:57 -    INFO - 2
2019-11-20 08:58 -    INFO - start
2019-11-20 08:58 -    INFO - 2
2019-11-20 08:59 -    INFO - start
2019-11-20 08:59 -    INFO - 2
2019-11-20 09:00 -    INFO - start
2019-11-20 09:00 -    INFO - 2
2019-11-20 09:00 -    INFO - start
2019-11-20 09:00 -    INFO - 2
2019-11-20 09:01 -    INFO - start
2019-11-20 09:01 -    INFO - 2
2019-11-20 09:01 -    INFO - start
2019-11-20 09:01 -    INFO - 2
2019-11-20 09:02 -    INFO - start
2019-11-20 09:02 -    INFO - 2
2019-11-20 09:02 -    INFO - start
2019-11-20 09:02 -    INFO - 2
2019-11-20 09:02 -    INFO - start
2019-11-20 09:02 -    INFO - 2
2019-11-20 09:03 -    INFO - start
2019-11-20 09:03 -    INFO - 2
2019-11-20 09:03 -    INFO - start
2019-11-20 09:03 -    INFO - 2
2019-11-20 09:05 -    INFO - start
2019-11-20 09:05 -    INFO - 2
2019-11-20 09:22 -    INFO - start
2019-11-20 09:22 -    INFO - 2
2019-11-20 09:23 -    INFO - start
2019-11-20 09:23 -    INFO - 2
2019-11-20 09:23 -    INFO - start
2019-11-20 09:23 -    INFO - 2
2019-11-20 09:26 -    INFO - start
2019-11-20 09:26 -    INFO - 2
2019-11-20 09:35 -    INFO - start
2019-11-20 09:35 -    INFO - 2
2019-11-20 09:36 -    INFO - start
2019-11-20 09:36 -    INFO - 2
2019-11-20 09:36 -    INFO - start
2019-11-20 09:36 -    INFO - 2
2019-11-20 09:36 -    INFO - start
2019-11-20 09:36 -    INFO - 2
2019-11-20 09:37 -    INFO - start
2019-11-20 09:37 -    INFO - 2
2019-11-20 09:38 -    INFO - start
2019-11-20 09:38 -    INFO - 2
2019-11-20 09:54 -    INFO - start
2019-11-20 09:54 -    INFO - 2
2019-11-20 09:54 -    INFO - start
2019-11-20 09:54 -    INFO - 2
2019-11-20 09:56 -    INFO - start
2019-11-20 09:56 -    INFO - 2
2019-11-20 09:56 -    INFO - start
2019-11-20 09:56 -    INFO - 2
2019-11-20 09:57 -    INFO - start
2019-11-20 09:57 -    INFO - 2
2019-11-20 09:59 -    INFO - start
2019-11-20 09:59 -    INFO - 2
2019-11-20 10:01 -    INFO - start
2019-11-20 10:01 -    INFO - 2
2019-11-20 10:03 -    INFO - start
2019-11-20 10:03 -    INFO - 2
2019-11-20 10:24 -    INFO - start
2019-11-20 10:24 -    INFO - 2
2019-11-20 10:24 -    INFO - 신규 카드 등록, 번호:4111111111111111, 이름:Jane, 한도:1000
2019-11-20 10:24 -    INFO - 신규 카드 등록, 번호:5454545454545454, 이름:Evan, 한도:3000
2019-11-20 10:24 -    INFO - 신규 카드 등록, 번호:1234567890123456, 이름:Daniel, 한도:2000
2019-11-20 10:24 - WARNING - 유효하지 않은 카드번호: 1234567890123456
2019-11-20 10:24 -    INFO - Charging Jane 500
2019-11-20 10:24 -    INFO - Charging Jane 800
2019-11-20 10:24 -    INFO - Charging Evan 7
2019-11-20 10:24 -    INFO - Evan에게 100를 보장함.
2019-11-20 10:24 -    INFO - Daniel에게 200를 보장함.
2019-11-20 10:28 -    INFO - start
2019-11-20 10:28 -    INFO - 2
2019-11-20 10:28 -    INFO - 신규 카드 등록, 번호:4111111111111111, 이름:Jane, 한도:1000
2019-11-20 10:28 -    INFO - 신규 카드 등록, 번호:5454545454545454, 이름:Evan, 한도:3000
2019-11-20 10:28 -    INFO - 신규 카드 등록, 번호:1234567890123456, 이름:Daniel, 한도:2000
2019-11-20 10:28 - WARNING - 유효하지 않은 카드번호: 1234567890123456
2019-11-20 10:28 -    INFO - Charging Jane 500
2019-11-20 10:28 -    INFO - Charging Jane 800
2019-11-20 10:28 -    INFO - Charging Evan 7
2019-11-20 10:28 -    INFO - Evan에게 100를 보장함.
2019-11-20 10:28 -    INFO - Daniel에게 200를 보장함.
2019-11-20 10:51 -    INFO - start
2019-11-20 10:51 -    INFO - 2
2019-11-20 10:51 -    INFO - 신규 카드 등록, 번호:4111111111111111, 이름:Jane, 한도:1000
2019-11-20 10:51 -    INFO - 신규 카드 등록, 번호:5454545454545454, 이름:Evan, 한도:3000
2019-11-20 10:51 -    INFO - 신규 카드 등록, 번호:1234567890123456, 이름:Daniel, 한도:2000
2019-11-20 10:51 - WARNING - 유효하지 않은 카드번호: 1234567890123456
2019-11-20 10:51 -    INFO - Charging Jane 500
2019-11-20 10:51 -    INFO - Charging Jane 800
2019-11-20 10:51 -    INFO - Charging Evan 7
2019-11-20 10:51 -    INFO - Evan에게 100를 보장함.
2019-11-20 10:51 -    INFO - Daniel에게 200를 보장함.
2019-11-20 10:52 -    INFO - start
2019-11-20 10:52 -    INFO - 2
2019-11-20 10:52 -    INFO - 신규 카드 등록, 번호:4111111111111111, 이름:Jane, 한도:1000
2019-11-20 10:52 -    INFO - 신규 카드 등록, 번호:5454545454545454, 이름:Evan, 한도:3000
2019-11-20 10:52 -    INFO - 신규 카드 등록, 번호:1234567890123456, 이름:Daniel, 한도:2000
2019-11-20 10:52 - WARNING - 유효하지 않은 카드번호: 1234567890123456
2019-11-20 10:52 -    INFO - Charging Jane 500
2019-11-20 10:52 -    INFO - Charging Jane 800
2019-11-20 10:52 -    INFO - Charging Evan 7
2019-11-20 10:52 -    INFO - Evan에게 100를 보장함.
2019-11-20 10:52 -    INFO - Daniel에게 200를 보장함.
2019-11-20 10:52 -    INFO - start
2019-11-20 10:52 -    INFO - 2
2019-11-20 10:52 -    INFO - 신규 카드 등록, 번호:4111111111111111, 이름:Jane, 한도:1000
2019-11-20 10:52 -    INFO - 신규 카드 등록, 번호:5454545454545454, 이름:Evan, 한도:3000
2019-11-20 10:52 -    INFO - 신규 카드 등록, 번호:1234567890123456, 이름:Daniel, 한도:2000
2019-11-20 10:52 - WARNING - 유효하지 않은 카드번호: 1234567890123456
2019-11-20 10:52 -    INFO - Charging Jane 500
2019-11-20 10:52 -    INFO - Charging Jane 800
2019-11-20 10:52 -    INFO - Charging Evan 7
2019-11-20 10:52 -    INFO - Evan에게 100를 보장함.
2019-11-20 10:52 -    INFO - Daniel에게 200를 보장함.
2019-11-20 10:52 -    INFO - 프로세스 종료: 0.001 초 걸림
2019-11-20 10:52 -    INFO - start
2019-11-20 10:52 -    INFO - 신규 카드 등록, 번호:4111111111111111, 이름:Jane, 한도:1000
2019-11-20 10:52 -    INFO - 신규 카드 등록, 번호:5454545454545454, 이름:Evan, 한도:3000
2019-11-20 10:52 -    INFO - 신규 카드 등록, 번호:1234567890123456, 이름:Daniel, 한도:2000
2019-11-20 10:52 - WARNING - 유효하지 않은 카드번호: 1234567890123456
2019-11-20 10:52 -    INFO - Charging Jane 500
2019-11-20 10:52 -    INFO - Charging Jane 800
2019-11-20 10:52 -    INFO - Charging Evan 7
2019-11-20 10:52 -    INFO - Evan에게 100를 보장함.
2019-11-20 10:52 -    INFO - Daniel에게 200를 보장함.
2019-11-20 10:52 -    INFO - 프로세스 종료: 0.001 초 걸림
2019-11-20 10:53 -    INFO - start
2019-11-20 10:53 -    INFO - 신규 카드 등록, 번호:4111111111111111, 이름:Jane, 한도:1000
2019-11-20 10:53 -    INFO - 신규 카드 등록, 번호:5454545454545454, 이름:Evan, 한도:3000
2019-11-20 10:53 -    INFO - 신규 카드 등록, 번호:1234567890123456, 이름:Daniel, 한도:2000
2019-11-20 10:53 - WARNING - 유효하지 않은 카드번호: 1234567890123456
2019-11-20 10:53 -    INFO - Charging Jane 500
2019-11-20 10:53 -    INFO - Charging Jane 800
2019-11-20 10:53 -    INFO - Charging Evan 7
2019-11-20 10:53 -    INFO - Evan에게 100를 보장함.
2019-11-20 10:53 -    INFO - Daniel에게 200를 보장함.
2019-11-20 10:53 -    INFO - 프로세스 종료: 0.001 초 걸림
2019-11-20 10:55 -    INFO - start
2019-11-20 10:55 -    INFO - 신규 카드 등록, 번호:4111111111111111, 이름:Jane, 한도:1000
2019-11-20 10:55 -    INFO - 신규 카드 등록, 번호:5454545454545454, 이름:Evan, 한도:3000
2019-11-20 10:55 -    INFO - 신규 카드 등록, 번호:1234567890123456, 이름:Daniel, 한도:2000
2019-11-20 10:55 - WARNING - 유효하지 않은 카드번호: 1234567890123456
2019-11-20 10:55 -    INFO - Charging Jane 500
2019-11-20 10:55 -    INFO - Charging Jane 800
2019-11-20 10:55 -    INFO - Charging Evan 7
2019-11-20 10:55 -    INFO - Evan에게 100를 보장함.
2019-11-20 10:55 -    INFO - Daniel에게 200를 보장함.
2019-11-20 10:55 -    INFO - 프로세스 종료: 0.001 초 걸림
2019-11-20 10:56 -    INFO - start
2019-11-20 10:56 -    INFO - 신규 카드 등록, 번호:4111111111111111, 이름:Jane, 한도:1000
2019-11-20 10:56 -    INFO - 신규 카드 등록, 번호:5454545454545454, 이름:Evan, 한도:3000
2019-11-20 10:56 -    INFO - 신규 카드 등록, 번호:1234567890123456, 이름:Daniel, 한도:2000
2019-11-20 10:56 - WARNING - 유효하지 않은 카드번호: 1234567890123456
2019-11-20 10:56 -    INFO - Charging Jane 500
2019-11-20 10:56 -    INFO - Charging Jane 800
2019-11-20 10:56 -    INFO - Charging Evan 7
2019-11-20 10:56 -    INFO - Evan에게 100를 보장함.
2019-11-20 10:56 -    INFO - Daniel에게 200를 보장함.
2019-11-20 10:56 -    INFO - 프로세스 종료: 0.001 초 걸림
2019-11-20 10:57 -    INFO - start
2019-11-20 10:57 -    INFO - 신규 카드 등록, 번호:4111111111111111, 이름:Jane, 한도:1000
2019-11-20 10:57 -    INFO - 신규 카드 등록, 번호:5454545454545454, 이름:Evan, 한도:3000
2019-11-20 10:57 -    INFO - 신규 카드 등록, 번호:1234567890123456, 이름:Daniel, 한도:2000
2019-11-20 10:57 - WARNING - 유효하지 않은 카드번호: 1234567890123456
2019-11-20 10:57 -    INFO - Charging Jane 500
2019-11-20 10:57 -    INFO - Charging Jane 800
2019-11-20 10:57 -    INFO - Charging Evan 7
2019-11-20 10:57 -    INFO - Evan에게 100를 보장함.
2019-11-20 10:57 -    INFO - Daniel에게 200를 보장함.
2019-11-20 10:57 -    INFO - 프로세스 종료: 0.001 초 걸림
2019-11-20 10:58 -    INFO - start
2019-11-20 10:58 -    INFO - 신규 카드 등록, 번호:4111111111111111, 이름:Jane, 한도:1000
2019-11-20 10:58 -    INFO - 신규 카드 등록, 번호:5454545454545454, 이름:Evan, 한도:3000
2019-11-20 10:58 -    INFO - 신규 카드 등록, 번호:1234567890123456, 이름:Daniel, 한도:2000
2019-11-20 10:58 - WARNING - 유효하지 않은 카드번호: 1234567890123456
2019-11-20 10:58 -    INFO - Charging Jane 500
2019-11-20 10:58 -    INFO - Charging Jane 800
2019-11-20 10:58 -    INFO - Charging Evan 7
2019-11-20 10:58 -    INFO - Evan에게 100를 보장함.
2019-11-20 10:58 -    INFO - Daniel에게 200를 보장함.
2019-11-20 10:58 -    INFO - 프로세스 종료: 0.001 초 걸림
2019-11-20 10:59 -    INFO - 신규 카드 등록, 번호:4111111111111111, 이름:Jane, 한도:1000
2019-11-20 10:59 -    INFO - 신규 카드 등록, 번호:5454545454545454, 이름:Evan, 한도:3000
2019-11-20 10:59 -    INFO - 신규 카드 등록, 번호:1234567890123456, 이름:Daniel, 한도:2000
2019-11-20 10:59 - WARNING - 유효하지 않은 카드번호: 1234567890123456
2019-11-20 10:59 -    INFO - Charging Jane 500
2019-11-20 10:59 -    INFO - Charging Jane 800
2019-11-20 10:59 -    INFO - Charging Evan 7
2019-11-20 10:59 -    INFO - Evan에게 100를 보장함.
2019-11-20 10:59 -    INFO - Daniel에게 200를 보장함.
2019-11-20 10:59 -    INFO - 프로세스 종료: 0.001 초 걸림
2019-11-20 10:59 -   ERROR - start
2019-11-20 10:59 -    INFO - 신규 카드 등록, 번호:4111111111111111, 이름:Jane, 한도:1000
2019-11-20 10:59 -    INFO - 신규 카드 등록, 번호:5454545454545454, 이름:Evan, 한도:3000
2019-11-20 10:59 -    INFO - 신규 카드 등록, 번호:1234567890123456, 이름:Daniel, 한도:2000
2019-11-20 10:59 - WARNING - 유효하지 않은 카드번호: 1234567890123456
2019-11-20 10:59 -    INFO - Charging Jane 500
2019-11-20 10:59 -    INFO - Charging Jane 800
2019-11-20 10:59 -    INFO - Charging Evan 7
2019-11-20 10:59 -    INFO - Evan에게 100를 보장함.
2019-11-20 10:59 -    INFO - Daniel에게 200를 보장함.
2019-11-20 10:59 -    INFO - 프로세스 종료: 0.001 초 걸림
2019-11-20 11:00 -    INFO - start: 0.050149
2019-11-20 11:00 -    INFO - 신규 카드 등록, 번호:4111111111111111, 이름:Jane, 한도:1000
2019-11-20 11:00 -    INFO - 신규 카드 등록, 번호:5454545454545454, 이름:Evan, 한도:3000
2019-11-20 11:00 -    INFO - 신규 카드 등록, 번호:1234567890123456, 이름:Daniel, 한도:2000
2019-11-20 11:00 - WARNING - 유효하지 않은 카드번호: 1234567890123456
2019-11-20 11:00 -    INFO - Charging Jane 500
2019-11-20 11:00 -    INFO - Charging Jane 800
2019-11-20 11:00 -    INFO - Charging Evan 7
2019-11-20 11:00 -    INFO - Evan에게 100를 보장함.
2019-11-20 11:00 -    INFO - Daniel에게 200를 보장함.
2019-11-20 11:00 -    INFO - 프로세스 종료: 0.001 초 걸림
2019-11-20 11:09 -   ERROR - start: 0.056976
2019-11-20 11:09 -    INFO - 신규 카드 등록, 번호:4111111111111111, 이름:Jane, 한도:1000
2019-11-20 11:09 -    INFO - 신규 카드 등록, 번호:5454545454545454, 이름:Evan, 한도:3000
2019-11-20 11:09 -    INFO - 신규 카드 등록, 번호:1234567890123456, 이름:Daniel, 한도:2000
2019-11-20 11:09 - WARNING - 유효하지 않은 카드번호: 1234567890123456
2019-11-20 11:09 -    INFO - Charging Jane 500
2019-11-20 11:09 -    INFO - Charging Jane 800
2019-11-20 11:09 -    INFO - Charging Evan 7
2019-11-20 11:09 -    INFO - Evan에게 100를 보장함.
2019-11-20 11:09 -    INFO - Daniel에게 200를 보장함.
2019-11-20 11:09 -    INFO - 프로세스 종료: 0.001 초 걸림
2019-11-20 11:25 -    INFO - start: 0.05268899999999999
2019-11-20 11:25 -    INFO - start: 0.05268899999999999
2019-11-20 11:25 -    INFO - 신규 카드 등록, 번호:4111111111111111, 이름:Jane, 한도:1000
2019-11-20 11:25 -    INFO - 신규 카드 등록, 번호:4111111111111111, 이름:Jane, 한도:1000
2019-11-20 11:25 -    INFO - 신규 카드 등록, 번호:5454545454545454, 이름:Evan, 한도:3000
2019-11-20 11:25 -    INFO - 신규 카드 등록, 번호:5454545454545454, 이름:Evan, 한도:3000
2019-11-20 11:25 -    INFO - 신규 카드 등록, 번호:1234567890123456, 이름:Daniel, 한도:2000
2019-11-20 11:25 -    INFO - 신규 카드 등록, 번호:1234567890123456, 이름:Daniel, 한도:2000
2019-11-20 11:25 - WARNING - 유효하지 않은 카드번호: 1234567890123456
2019-11-20 11:25 - WARNING - 유효하지 않은 카드번호: 1234567890123456
2019-11-20 11:25 -    INFO - Charging Jane 500
2019-11-20 11:25 -    INFO - Charging Jane 500
2019-11-20 11:25 -    INFO - Charging Jane 800
2019-11-20 11:25 -    INFO - Charging Jane 800
2019-11-20 11:25 -    INFO - Charging Evan 7
2019-11-20 11:25 -    INFO - Charging Evan 7
2019-11-20 11:25 -    INFO - Evan에게 100를 보장함.
2019-11-20 11:25 -    INFO - Evan에게 100를 보장함.
2019-11-20 11:25 -    INFO - Daniel에게 200를 보장함.
2019-11-20 11:25 -    INFO - Daniel에게 200를 보장함.
2019-11-20 11:25 -    INFO - 프로세스 종료: 0.001 초 걸림
2019-11-20 11:25 -    INFO - 프로세스 종료: 0.001 초 걸림
2019-11-20 11:26 -    INFO - start: 0.047874
2019-11-20 11:26 -    INFO - start: 0.047874
2019-11-20 11:26 -    INFO - 신규 카드 등록, 번호:4111111111111111, 이름:Jane, 한도:1000
2019-11-20 11:26 -    INFO - 신규 카드 등록, 번호:4111111111111111, 이름:Jane, 한도:1000
2019-11-20 11:26 -    INFO - 신규 카드 등록, 번호:5454545454545454, 이름:Evan, 한도:3000
2019-11-20 11:26 -    INFO - 신규 카드 등록, 번호:5454545454545454, 이름:Evan, 한도:3000
2019-11-20 11:26 -    INFO - 신규 카드 등록, 번호:1234567890123456, 이름:Daniel, 한도:2000
2019-11-20 11:26 -    INFO - 신규 카드 등록, 번호:1234567890123456, 이름:Daniel, 한도:2000
2019-11-20 11:26 - WARNING - 유효하지 않은 카드번호: 1234567890123456
2019-11-20 11:26 - WARNING - 유효하지 않은 카드번호: 1234567890123456
2019-11-20 11:26 -    INFO - Charging Jane 500
2019-11-20 11:26 -    INFO - Charging Jane 500
2019-11-20 11:26 -    INFO - Charging Jane 800
2019-11-20 11:26 -    INFO - Charging Jane 800
2019-11-20 11:26 -    INFO - Charging Evan 7
2019-11-20 11:26 -    INFO - Charging Evan 7
2019-11-20 11:26 -    INFO - Evan에게 100를 보장함.
2019-11-20 11:26 -    INFO - Evan에게 100를 보장함.
2019-11-20 11:26 -    INFO - Daniel에게 200를 보장함.
2019-11-20 11:26 -    INFO - Daniel에게 200를 보장함.
2019-11-20 11:26 -    INFO - 프로세스 종료: 0.002 초 걸림
2019-11-20 11:26 -    INFO - 프로세스 종료: 0.002 초 걸림
2019-11-20 11:27 -    INFO - start: 0.04072
2019-11-20 11:27 -    INFO - start: 0.04072
2019-11-20 11:27 -    INFO - 신규 카드 등록, 번호:4111111111111111, 이름:Jane, 한도:1000
2019-11-20 11:27 -    INFO - 신규 카드 등록, 번호:4111111111111111, 이름:Jane, 한도:1000
2019-11-20 11:27 -    INFO - 신규 카드 등록, 번호:5454545454545454, 이름:Evan, 한도:3000
2019-11-20 11:27 -    INFO - 신규 카드 등록, 번호:5454545454545454, 이름:Evan, 한도:3000
2019-11-20 11:27 -    INFO - 신규 카드 등록, 번호:1234567890123456, 이름:Daniel, 한도:2000
2019-11-20 11:27 -    INFO - 신규 카드 등록, 번호:1234567890123456, 이름:Daniel, 한도:2000
2019-11-20 11:27 - WARNING - 유효하지 않은 카드번호: 1234567890123456
2019-11-20 11:27 - WARNING - 유효하지 않은 카드번호: 1234567890123456
2019-11-20 11:27 -    INFO - Charging Jane 500
2019-11-20 11:27 -    INFO - Charging Jane 500
2019-11-20 11:27 -    INFO - Charging Jane 800
2019-11-20 11:27 -    INFO - Charging Jane 800
2019-11-20 11:27 -    INFO - Charging Evan 7
2019-11-20 11:27 -    INFO - Charging Evan 7
2019-11-20 11:27 -    INFO - Evan에게 100를 보장함.
2019-11-20 11:27 -    INFO - Evan에게 100를 보장함.
2019-11-20 11:27 -    INFO - Daniel에게 200를 보장함.
2019-11-20 11:27 -    INFO - Daniel에게 200를 보장함.
2019-11-20 11:27 -    INFO - 프로세스 종료: 0.001 초 걸림
2019-11-20 11:27 -    INFO - 프로세스 종료: 0.001 초 걸림
2019-11-20 11:28 -    INFO - start: 0.046827
2019-11-20 11:28 -    INFO - start: 0.046827
2019-11-20 11:28 -    INFO - 신규 카드 등록, 번호:4111111111111111, 이름:Jane, 한도:1000
2019-11-20 11:28 -    INFO - 신규 카드 등록, 번호:4111111111111111, 이름:Jane, 한도:1000
2019-11-20 11:28 -    INFO - 신규 카드 등록, 번호:5454545454545454, 이름:Evan, 한도:3000
2019-11-20 11:28 -    INFO - 신규 카드 등록, 번호:5454545454545454, 이름:Evan, 한도:3000
2019-11-20 11:28 -    INFO - 신규 카드 등록, 번호:1234567890123456, 이름:Daniel, 한도:2000
2019-11-20 11:28 -    INFO - 신규 카드 등록, 번호:1234567890123456, 이름:Daniel, 한도:2000
2019-11-20 11:28 - WARNING - 유효하지 않은 카드번호: 1234567890123456
2019-11-20 11:28 - WARNING - 유효하지 않은 카드번호: 1234567890123456
2019-11-20 11:28 -    INFO - Charging Jane 500
2019-11-20 11:28 -    INFO - Charging Jane 500
2019-11-20 11:28 -    INFO - Charging Jane 800
2019-11-20 11:28 -    INFO - Charging Jane 800
2019-11-20 11:28 -    INFO - Charging Evan 7
2019-11-20 11:28 -    INFO - Charging Evan 7
2019-11-20 11:28 -    INFO - Evan에게 100를 보장함.
2019-11-20 11:28 -    INFO - Evan에게 100를 보장함.
2019-11-20 11:28 -    INFO - Daniel에게 200를 보장함.
2019-11-20 11:28 -    INFO - Daniel에게 200를 보장함.
2019-11-20 11:28 -    INFO - 프로세스 종료: 0.001 초 걸림
2019-11-20 11:28 -    INFO - 프로세스 종료: 0.001 초 걸림
2019-11-20 11:29 -    INFO - start: 0.04927499999999999
2019-11-20 11:29 -    INFO - start: 0.04927499999999999
2019-11-20 11:29 -    INFO - 신규 카드 등록, 번호:4111111111111111, 이름:Jane, 한도:1000
2019-11-20 11:29 -    INFO - 신규 카드 등록, 번호:4111111111111111, 이름:Jane, 한도:1000
2019-11-20 11:29 -    INFO - 신규 카드 등록, 번호:5454545454545454, 이름:Evan, 한도:3000
2019-11-20 11:29 -    INFO - 신규 카드 등록, 번호:5454545454545454, 이름:Evan, 한도:3000
2019-11-20 11:29 -    INFO - 신규 카드 등록, 번호:1234567890123456, 이름:Daniel, 한도:2000
2019-11-20 11:29 -    INFO - 신규 카드 등록, 번호:1234567890123456, 이름:Daniel, 한도:2000
2019-11-20 11:29 - WARNING - 유효하지 않은 카드번호: 1234567890123456
2019-11-20 11:29 - WARNING - 유효하지 않은 카드번호: 1234567890123456
2019-11-20 11:29 -    INFO - Charging Jane 500
2019-11-20 11:29 -    INFO - Charging Jane 500
2019-11-20 11:29 -    INFO - Charging Jane 800
2019-11-20 11:29 -    INFO - Charging Jane 800
2019-11-20 11:29 -    INFO - Charging Evan 7
2019-11-20 11:29 -    INFO - Charging Evan 7
2019-11-20 11:29 -    INFO - Evan에게 100를 보장함.
2019-11-20 11:29 -    INFO - Evan에게 100를 보장함.
2019-11-20 11:29 -    INFO - Daniel에게 200를 보장함.
2019-11-20 11:29 -    INFO - Daniel에게 200를 보장함.
2019-11-20 11:29 -    INFO - 프로세스 종료: 0.001 초 걸림
2019-11-20 11:29 -    INFO - 프로세스 종료: 0.001 초 걸림
2019-11-20 11:29 -    INFO - start: 0.048126999999999996
2019-11-20 11:29 -    INFO - start: 0.048126999999999996
2019-11-20 11:29 -    INFO - 신규 카드 등록, 번호:4111111111111111, 이름:Jane, 한도:1000
2019-11-20 11:29 -    INFO - 신규 카드 등록, 번호:4111111111111111, 이름:Jane, 한도:1000
2019-11-20 11:29 -    INFO - 신규 카드 등록, 번호:5454545454545454, 이름:Evan, 한도:3000
2019-11-20 11:29 -    INFO - 신규 카드 등록, 번호:5454545454545454, 이름:Evan, 한도:3000
2019-11-20 11:29 -    INFO - 신규 카드 등록, 번호:1234567890123456, 이름:Daniel, 한도:2000
2019-11-20 11:29 -    INFO - 신규 카드 등록, 번호:1234567890123456, 이름:Daniel, 한도:2000
2019-11-20 11:29 - WARNING - 유효하지 않은 카드번호: 1234567890123456
2019-11-20 11:29 - WARNING - 유효하지 않은 카드번호: 1234567890123456
2019-11-20 11:29 -    INFO - Charging Jane 500
2019-11-20 11:29 -    INFO - Charging Jane 500
2019-11-20 11:29 -    INFO - Charging Jane 800
2019-11-20 11:29 -    INFO - Charging Jane 800
2019-11-20 11:29 -    INFO - Charging Evan 7
2019-11-20 11:29 -    INFO - Charging Evan 7
2019-11-20 11:29 -    INFO - Evan에게 100를 보장함.
2019-11-20 11:29 -    INFO - Evan에게 100를 보장함.
2019-11-20 11:29 -    INFO - Daniel에게 200를 보장함.
2019-11-20 11:29 -    INFO - Daniel에게 200를 보장함.
2019-11-20 11:29 -    INFO - 프로세스 종료: 0.001 초 걸림
2019-11-20 11:29 -    INFO - 프로세스 종료: 0.001 초 걸림
2019-11-20 11:29 -    INFO - start: 0.046786999999999995
2019-11-20 11:29 -    INFO - start: 0.046786999999999995
2019-11-20 11:29 -    INFO - 신규 카드 등록, 번호:4111111111111111, 이름:Jane, 한도:1000
2019-11-20 11:29 -    INFO - 신규 카드 등록, 번호:4111111111111111, 이름:Jane, 한도:1000
2019-11-20 11:29 -    INFO - 신규 카드 등록, 번호:5454545454545454, 이름:Evan, 한도:3000
2019-11-20 11:29 -    INFO - 신규 카드 등록, 번호:5454545454545454, 이름:Evan, 한도:3000
2019-11-20 11:29 -    INFO - 신규 카드 등록, 번호:1234567890123456, 이름:Daniel, 한도:2000
2019-11-20 11:29 -    INFO - 신규 카드 등록, 번호:1234567890123456, 이름:Daniel, 한도:2000
2019-11-20 11:29 - WARNING - 유효하지 않은 카드번호: 1234567890123456
2019-11-20 11:29 - WARNING - 유효하지 않은 카드번호: 1234567890123456
2019-11-20 11:29 -    INFO - Charging Jane 500
2019-11-20 11:29 -    INFO - Charging Jane 500
2019-11-20 11:29 -    INFO - Charging Jane 800
2019-11-20 11:29 -    INFO - Charging Jane 800
2019-11-20 11:29 -    INFO - Charging Evan 7
2019-11-20 11:29 -    INFO - Charging Evan 7
2019-11-20 11:29 -    INFO - Evan에게 100를 보장함.
2019-11-20 11:29 -    INFO - Evan에게 100를 보장함.
2019-11-20 11:29 -    INFO - Daniel에게 200를 보장함.
2019-11-20 11:29 -    INFO - Daniel에게 200를 보장함.
2019-11-20 11:29 -    INFO - 프로세스 종료: 0.001 초 걸림
2019-11-20 11:29 -    INFO - 프로세스 종료: 0.001 초 걸림
2019-11-20 11:32 -    INFO - start: 0.12374399999999999
2019-11-20 11:32 -    INFO - start: 0.12374399999999999
2019-11-20 11:32 -    INFO - 신규 카드 등록, 번호:4111111111111111, 이름:Jane, 한도:1000
2019-11-20 11:32 -    INFO - 신규 카드 등록, 번호:4111111111111111, 이름:Jane, 한도:1000
2019-11-20 11:32 -    INFO - 신규 카드 등록, 번호:5454545454545454, 이름:Evan, 한도:3000
2019-11-20 11:32 -    INFO - 신규 카드 등록, 번호:5454545454545454, 이름:Evan, 한도:3000
2019-11-20 11:32 -    INFO - 신규 카드 등록, 번호:1234567890123456, 이름:Daniel, 한도:2000
2019-11-20 11:32 -    INFO - 신규 카드 등록, 번호:1234567890123456, 이름:Daniel, 한도:2000
2019-11-20 11:32 - WARNING - 유효하지 않은 카드번호: 1234567890123456
2019-11-20 11:32 - WARNING - 유효하지 않은 카드번호: 1234567890123456
2019-11-20 11:32 -    INFO - Charging Jane 500
2019-11-20 11:32 -    INFO - Charging Jane 500
2019-11-20 11:32 -    INFO - Charging Jane 800
2019-11-20 11:32 -    INFO - Charging Jane 800
2019-11-20 11:32 -    INFO - Charging Evan 7
2019-11-20 11:32 -    INFO - Charging Evan 7
2019-11-20 11:32 -    INFO - Evan에게 100를 보장함.
2019-11-20 11:32 -    INFO - Evan에게 100를 보장함.
2019-11-20 11:32 -    INFO - Daniel에게 200를 보장함.
2019-11-20 11:32 -    INFO - Daniel에게 200를 보장함.
2019-11-20 11:32 -    INFO - 프로세스 종료: 0.002 초 걸림
2019-11-20 11:32 -    INFO - 프로세스 종료: 0.002 초 걸림
2019-11-20 11:33 -    INFO - start: 0.050059
2019-11-20 11:33 -    INFO - start: 0.050059
2019-11-20 11:33 -    INFO - 신규 카드 등록, 번호:4111111111111111, 이름:Jane, 한도:1000
2019-11-20 11:33 -    INFO - 신규 카드 등록, 번호:4111111111111111, 이름:Jane, 한도:1000
2019-11-20 11:33 -    INFO - 신규 카드 등록, 번호:5454545454545454, 이름:Evan, 한도:3000
2019-11-20 11:33 -    INFO - 신규 카드 등록, 번호:5454545454545454, 이름:Evan, 한도:3000
2019-11-20 11:33 -    INFO - 신규 카드 등록, 번호:1234567890123456, 이름:Daniel, 한도:2000
2019-11-20 11:33 -    INFO - 신규 카드 등록, 번호:1234567890123456, 이름:Daniel, 한도:2000
2019-11-20 11:33 - WARNING - 유효하지 않은 카드번호: 1234567890123456
2019-11-20 11:33 - WARNING - 유효하지 않은 카드번호: 1234567890123456
2019-11-20 11:33 -    INFO - Charging Jane 500
2019-11-20 11:33 -    INFO - Charging Jane 500
2019-11-20 11:33 -    INFO - Charging Jane 800
2019-11-20 11:33 -    INFO - Charging Jane 800
2019-11-20 11:33 -    INFO - Charging Evan 7
2019-11-20 11:33 -    INFO - Charging Evan 7
2019-11-20 11:33 -    INFO - Evan에게 100를 보장함.
2019-11-20 11:33 -    INFO - Evan에게 100를 보장함.
2019-11-20 11:33 -    INFO - Daniel에게 200를 보장함.
2019-11-20 11:33 -    INFO - Daniel에게 200를 보장함.
2019-11-20 11:33 -    INFO - 프로세스 종료: 0.001 초 걸림
2019-11-20 11:33 -    INFO - 프로세스 종료: 0.001 초 걸림
2019-11-20 11:37 -    INFO - start: 0.051058
2019-11-20 11:37 -    INFO - start: 0.051058
2019-11-20 11:37 -    INFO - 신규 카드 등록, 번호:4111111111111111, 이름:Jane, 한도:1000
2019-11-20 11:37 -    INFO - 신규 카드 등록, 번호:4111111111111111, 이름:Jane, 한도:1000
2019-11-20 11:37 -    INFO - 신규 카드 등록, 번호:5454545454545454, 이름:Evan, 한도:3000
2019-11-20 11:37 -    INFO - 신규 카드 등록, 번호:5454545454545454, 이름:Evan, 한도:3000
2019-11-20 11:37 -    INFO - 신규 카드 등록, 번호:1234567890123456, 이름:Daniel, 한도:2000
2019-11-20 11:37 -    INFO - 신규 카드 등록, 번호:1234567890123456, 이름:Daniel, 한도:2000
2019-11-20 11:37 - WARNING - 유효하지 않은 카드번호: 1234567890123456
2019-11-20 11:37 - WARNING - 유효하지 않은 카드번호: 1234567890123456
2019-11-20 11:37 -    INFO - Charging Jane 500
2019-11-20 11:37 -    INFO - Charging Jane 500
2019-11-20 11:37 -    INFO - Charging Jane 800
2019-11-20 11:37 -    INFO - Charging Jane 800
2019-11-20 11:37 -    INFO - Charging Evan 7
2019-11-20 11:37 -    INFO - Charging Evan 7
2019-11-20 11:37 -    INFO - Evan에게 100를 보장함.
2019-11-20 11:37 -    INFO - Evan에게 100를 보장함.
2019-11-20 11:37 -    INFO - Daniel에게 200를 보장함.
2019-11-20 11:37 -    INFO - Daniel에게 200를 보장함.
2019-11-20 11:37 -    INFO - 프로세스 종료: 0.001 초 걸림
2019-11-20 11:37 -    INFO - 프로세스 종료: 0.001 초 걸림
2019-11-20 11:37 -    INFO - start: 0.046604999999999994
2019-11-20 11:37 -    INFO - start: 0.046604999999999994
2019-11-20 11:37 -    INFO - 신규 카드 등록, 번호:4111111111111111, 이름:Jane, 한도:1000
2019-11-20 11:37 -    INFO - 신규 카드 등록, 번호:4111111111111111, 이름:Jane, 한도:1000
2019-11-20 11:37 -    INFO - 신규 카드 등록, 번호:5454545454545454, 이름:Evan, 한도:3000
2019-11-20 11:37 -    INFO - 신규 카드 등록, 번호:5454545454545454, 이름:Evan, 한도:3000
2019-11-20 11:37 -    INFO - 신규 카드 등록, 번호:1234567890123456, 이름:Daniel, 한도:2000
2019-11-20 11:37 -    INFO - 신규 카드 등록, 번호:1234567890123456, 이름:Daniel, 한도:2000
2019-11-20 11:37 - WARNING - 유효하지 않은 카드번호: 1234567890123456
2019-11-20 11:37 - WARNING - 유효하지 않은 카드번호: 1234567890123456
2019-11-20 11:37 -    INFO - Charging Jane 500
2019-11-20 11:37 -    INFO - Charging Jane 500
2019-11-20 11:37 -    INFO - Charging Jane 800
2019-11-20 11:37 -    INFO - Charging Jane 800
2019-11-20 11:37 -    INFO - Charging Evan 7
2019-11-20 11:37 -    INFO - Charging Evan 7
2019-11-20 11:37 -    INFO - Evan에게 100를 보장함.
2019-11-20 11:37 -    INFO - Evan에게 100를 보장함.
2019-11-20 11:37 -    INFO - Daniel에게 200를 보장함.
2019-11-20 11:37 -    INFO - Daniel에게 200를 보장함.
2019-11-20 11:37 -    INFO - 프로세스 종료: 0.001 초 걸림
2019-11-20 11:37 -    INFO - 프로세스 종료: 0.001 초 걸림
2019-11-20 11:38 -    INFO - start: 0.048131999999999994
2019-11-20 11:38 -    INFO - start: 0.048131999999999994
2019-11-20 11:38 -    INFO - 신규 카드 등록, 번호:4111111111111111, 이름:Jane, 한도:1000
2019-11-20 11:38 -    INFO - 신규 카드 등록, 번호:4111111111111111, 이름:Jane, 한도:1000
2019-11-20 11:38 -    INFO - 신규 카드 등록, 번호:5454545454545454, 이름:Evan, 한도:3000
2019-11-20 11:38 -    INFO - 신규 카드 등록, 번호:5454545454545454, 이름:Evan, 한도:3000
2019-11-20 11:38 -    INFO - 신규 카드 등록, 번호:1234567890123456, 이름:Daniel, 한도:2000
2019-11-20 11:38 -    INFO - 신규 카드 등록, 번호:1234567890123456, 이름:Daniel, 한도:2000
2019-11-20 11:38 - WARNING - 유효하지 않은 카드번호: 1234567890123456
2019-11-20 11:38 - WARNING - 유효하지 않은 카드번호: 1234567890123456
2019-11-20 11:38 -    INFO - Charging Jane 500
2019-11-20 11:38 -    INFO - Charging Jane 500
2019-11-20 11:38 -    INFO - Charging Jane 800
2019-11-20 11:38 -    INFO - Charging Jane 800
2019-11-20 11:38 -    INFO - Charging Evan 7
2019-11-20 11:38 -    INFO - Charging Evan 7
2019-11-20 11:38 -    INFO - Evan에게 100를 보장함.
2019-11-20 11:38 -    INFO - Evan에게 100를 보장함.
2019-11-20 11:38 -    INFO - Daniel에게 200를 보장함.
2019-11-20 11:38 -    INFO - Daniel에게 200를 보장함.
2019-11-20 11:38 -    INFO - 프로세스 종료: 0.001 초 걸림
2019-11-20 11:38 -    INFO - 프로세스 종료: 0.001 초 걸림
2019-11-20 11:38 -    INFO - start: 0.055749999999999994
2019-11-20 11:38 -    INFO - start: 0.055749999999999994
2019-11-20 11:47 -    INFO - start: 0.05155799999999999
2019-11-20 11:47 -    INFO - start: 0.05155799999999999
2019-11-20 11:47 -    INFO - 신규 카드 등록, 번호:4111111111111111, 이름:Jane, 한도:1000
2019-11-20 11:47 -    INFO - 신규 카드 등록, 번호:4111111111111111, 이름:Jane, 한도:1000
2019-11-20 11:47 -    INFO - 신규 카드 등록, 번호:5454545454545454, 이름:Evan, 한도:3000
2019-11-20 11:47 -    INFO - 신규 카드 등록, 번호:5454545454545454, 이름:Evan, 한도:3000
2019-11-20 11:47 -    INFO - 신규 카드 등록, 번호:1234567890123456, 이름:Daniel, 한도:2000
2019-11-20 11:47 -    INFO - 신규 카드 등록, 번호:1234567890123456, 이름:Daniel, 한도:2000
2019-11-20 11:47 - WARNING - 유효하지 않은 카드번호: 1234567890123456
2019-11-20 11:47 - WARNING - 유효하지 않은 카드번호: 1234567890123456
2019-11-20 11:47 -    INFO - Charging Jane 500
2019-11-20 11:47 -    INFO - Charging Jane 500
2019-11-20 11:47 -    INFO - Charging Jane 800
2019-11-20 11:47 -    INFO - Charging Jane 800
2019-11-20 11:47 -    INFO - Charging Evan 7
2019-11-20 11:47 -    INFO - Charging Evan 7
2019-11-20 11:47 -    INFO - Evan에게 100를 보장함.
2019-11-20 11:47 -    INFO - Evan에게 100를 보장함.
2019-11-20 11:47 -    INFO - Daniel에게 200를 보장함.
2019-11-20 11:47 -    INFO - Daniel에게 200를 보장함.
2019-11-20 11:47 -    INFO - 프로세스 종료: 0.001 초 걸림
2019-11-20 11:47 -    INFO - 프로세스 종료: 0.001 초 걸림
